sample.interval=20000
"FUN" "lapply" ".rs.objectsOnSearchPath" ".rs.getCompletionsSearchPath" "Reduce" "<Anonymous>" 
"FUN" "lapply" ".rs.objectsOnSearchPath" ".rs.getCompletionsSearchPath" "Reduce" "<Anonymous>" 
".rs.getHelpFromObject" ".rs.getHelpFunction" "<Anonymous>" 
"mget" "doTryCatch" "tryCatchOne" "tryCatchList" "tryCatch" ".rs.getHelpFromObject" ".rs.getHelpFunction" "<Anonymous>" 
"mget" "doTryCatch" "tryCatchOne" "tryCatchList" "tryCatch" ".rs.getHelpFromObject" ".rs.getHelpFunction" "<Anonymous>" 
"tryCatchOne" "tryCatchList" "tryCatch" ".rs.getHelpFromObject" ".rs.getHelpFunction" "<Anonymous>" 
"index.search" "utils::help" "eval" "eval" "doTryCatch" "tryCatchOne" "tryCatchList" "tryCatch" ".rs.getHelp" ".rs.getHelpFromObject" ".rs.getHelpFunction" "<Anonymous>" 
"addParaBreaks" "writeLines" "writeLinesUTF8" "of1" "writeBlock" "writeContent" "writeContent" "writeSection" "Rd2HTML" "tools:::httpd" "withCallingHandlers" "suppressWarnings" ".rs.getHelp" ".rs.getHelpFromObject" ".rs.getHelpFunction" "<Anonymous>" 
"writeLinesUTF8" "of1" "writeBlock" "writeContent" "writeSection" "Rd2HTML" "tools:::httpd" "withCallingHandlers" "suppressWarnings" ".rs.getHelp" ".rs.getHelpFromObject" ".rs.getHelpFunction" "<Anonymous>" 
"lapply" "FUN" "lapply" "findLocalsList1" "findLocalsList" "funEnv" "make.functionContext" "cmpfun" "doTryCatch" "tryCatchOne" "tryCatchList" "tryCatch" "compiler:::tryCmpfun" "<Anonymous>" 
"getInlineInfo" "tryInline" "cmpCall" "cmp" "cmpIs" "h" "tryInline" "cmpCall" "cmp" "cmpPrim1" "h" "tryInline" "cmpCall" "cmp" "h" "tryInline" "cmpCall" "cmp" "h" "tryInline" "cmpCall" "cmp" "h" "tryInline" "cmpCall" "cmp" "h" "tryInline" "cmpCall" "cmp" "genCode" "cmpfun" "doTryCatch" "tryCatchOne" "tryCatchList" "tryCatch" "compiler:::tryCmpfun" "<Anonymous>" 
"cmpIs" "h" "tryInline" "cmpCall" "cmp" "cmpPrim1" "h" "tryInline" "cmpCall" "cmp" "h" "tryInline" "cmpCall" "cmp" "h" "tryInline" "cmpCall" "cmp" "h" "tryInline" "cmpCall" "cmp" "h" "tryInline" "cmpCall" "cmp" "genCode" "cmpfun" "doTryCatch" "tryCatchOne" "tryCatchList" "tryCatch" "compiler:::tryCmpfun" ".rs.getHelpFunction" "<Anonymous>" 
"cmp" "cmpIndices" "cmpSubsetDispatch" "h" "tryInline" "cmpCall" "cmp" "cmpSymbolAssign" "h" "tryInline" "cmpCall" "cmp" "h" "tryInline" "cmpCall" "cmp" "h" "tryInline" "cmpCall" "cmp" "h" "tryInline" "cmpCall" "cmp" "genCode" "cmpfun" "doTryCatch" "tryCatchOne" "tryCatchList" "tryCatch" "compiler:::tryCmpfun" ".rs.getHelpFromObject" ".rs.getHelpFunction" "<Anonymous>" 
"tryCatch" ".rs.getHelpFromObject" ".rs.getHelpFunction" "<Anonymous>" 
"as.list" "lapply" "FUN" "lapply" "findLocalsList1" "findLocalsList" "funEnv" "make.functionContext" "cmpfun" "doTryCatch" "tryCatchOne" "tryCatchList" "tryCatch" "compiler:::tryCmpfun" ".rs.getHelp" ".rs.getHelpFromObject" ".rs.getHelpFunction" "<Anonymous>" 
"findLocalsList1" "findLocalsList" "funEnv" "make.functionContext" "h" "tryInline" "cmpCall" "cmp" "genCode" "cb$putconst" "cmpCallArgs" "cmpCallSymFun" "cmpCall" "cmp" "cmpSymbolAssign" "h" "tryInline" "cmpCall" "cmp" "h" "tryInline" "cmpCall" "cmp" "h" "tryInline" "cmpCall" "cmp" "h" "tryInline" "cmpCall" "cmp" "genCode" "cmpfun" "doTryCatch" "tryCatchOne" "tryCatchList" "tryCatch" "compiler:::tryCmpfun" ".rs.getHelp" ".rs.getHelpFromObject" ".rs.getHelpFunction" "<Anonymous>" 
"htmlify" "utils:::getSrcByte" "isBlankLineRd" "addParaBreaks" "writeLines" "writeLinesUTF8" "of1" "writeBlock" "writeContent" "writeSection" "Rd2HTML" "tools:::httpd" "withCallingHandlers" "suppressWarnings" ".rs.getHelp" ".rs.getHelpFromObject" ".rs.getHelpFunction" "<Anonymous>" 
"scan" "read.table" "eval" "eval" "withVisible" "source" 
"scan" "read.table" "eval" "eval" "withVisible" "source" 
"scan" "read.table" "eval" "eval" "withVisible" "source" 
"scan" "read.table" "eval" "eval" "withVisible" "source" 
"scan" "read.table" "eval" "eval" "withVisible" "source" 
"scan" "read.table" "eval" "eval" "withVisible" "source" 
"scan" "read.table" "eval" "eval" "withVisible" "source" 
"scan" "read.table" "eval" "eval" "withVisible" "source" 
"scan" "read.table" "eval" "eval" "withVisible" "source" 
"scan" "read.table" "eval" "eval" "withVisible" "source" 
"scan" "read.table" "eval" "eval" "withVisible" "source" 
"scan" "read.table" "eval" "eval" "withVisible" "source" 
"scan" "read.table" "eval" "eval" "withVisible" "source" 
"scan" "read.table" "eval" "eval" "withVisible" "source" 
"scan" "read.table" "eval" "eval" "withVisible" "source" 
"scan" "read.table" "eval" "eval" "withVisible" "source" 
"scan" "read.table" "eval" "eval" "withVisible" "source" 
"scan" "read.table" "eval" "eval" "withVisible" "source" 
"scan" "read.table" "eval" "eval" "withVisible" "source" 
"scan" "read.table" "eval" "eval" "withVisible" "source" 
"scan" "read.table" "eval" "eval" "withVisible" "source" 
"scan" "read.table" "eval" "eval" "withVisible" "source" 
"scan" "read.table" "eval" "eval" "withVisible" "source" 
"scan" "read.table" "eval" "eval" "withVisible" "source" 
"scan" "read.table" "eval" "eval" "withVisible" "source" 
"scan" "read.table" "eval" "eval" "withVisible" "source" 
"scan" "read.table" "eval" "eval" "withVisible" "source" 
"scan" "read.table" "eval" "eval" "withVisible" "source" 
"scan" "read.table" "eval" "eval" "withVisible" "source" 
"scan" "read.table" "eval" "eval" "withVisible" "source" 
"scan" "read.table" "eval" "eval" "withVisible" "source" 
"scan" "read.table" "eval" "eval" "withVisible" "source" 
"scan" "read.table" "eval" "eval" "withVisible" "source" 
"scan" "read.table" "eval" "eval" "withVisible" "source" 
"scan" "read.table" "eval" "eval" "withVisible" "source" 
"scan" "read.table" "eval" "eval" "withVisible" "source" 
"scan" "read.table" "eval" "eval" "withVisible" "source" 
"scan" "read.table" "eval" "eval" "withVisible" "source" 
"scan" "read.table" "eval" "eval" "withVisible" "source" 
"scan" "read.table" "eval" "eval" "withVisible" "source" 
"scan" "read.table" "eval" "eval" "withVisible" "source" 
"scan" "read.table" "eval" "eval" "withVisible" "source" 
"scan" "read.table" "eval" "eval" "withVisible" "source" 
"scan" "read.table" "eval" "eval" "withVisible" "source" 
"scan" "read.table" "eval" "eval" "withVisible" "source" 
"scan" "read.table" "eval" "eval" "withVisible" "source" 
"scan" "read.table" "eval" "eval" "withVisible" "source" 
"scan" "read.table" "eval" "eval" "withVisible" "source" 
"charToDate" "as.Date.character" "as.Date" "read.table" "eval" "eval" "withVisible" "source" 
"charToDate" "as.Date.character" "as.Date" "read.table" "eval" "eval" "withVisible" "source" 
"charToDate" "as.Date.character" "as.Date" "read.table" "eval" "eval" "withVisible" "source" 
"charToDate" "as.Date.character" "as.Date" "read.table" "eval" "eval" "withVisible" "source" 
"charToDate" "as.Date.character" "as.Date" "read.table" "eval" "eval" "withVisible" "source" 
"charToDate" "as.Date.character" "as.Date" "read.table" "eval" "eval" "withVisible" "source" 
"charToDate" "as.Date.character" "as.Date" "read.table" "eval" "eval" "withVisible" "source" 
"charToDate" "as.Date.character" "as.Date" "read.table" "eval" "eval" "withVisible" "source" 
"charToDate" "as.Date.character" "as.Date" "read.table" "eval" "eval" "withVisible" "source" 
"charToDate" "as.Date.character" "as.Date" "read.table" "eval" "eval" "withVisible" "source" 
"charToDate" "as.Date.character" "as.Date" "read.table" "eval" "eval" "withVisible" "source" 
"charToDate" "as.Date.character" "as.Date" "read.table" "eval" "eval" "withVisible" "source" 
"charToDate" "as.Date.character" "as.Date" "read.table" "eval" "eval" "withVisible" "source" 
"charToDate" "as.Date.character" "as.Date" "read.table" "eval" "eval" "withVisible" "source" 
"charToDate" "as.Date.character" "as.Date" "read.table" "eval" "eval" "withVisible" "source" 
"charToDate" "as.Date.character" "as.Date" "read.table" "eval" "eval" "withVisible" "source" 
"charToDate" "as.Date.character" "as.Date" "read.table" "eval" "eval" "withVisible" "source" 
"charToDate" "as.Date.character" "as.Date" "read.table" "eval" "eval" "withVisible" "source" 
"charToDate" "as.Date.character" "as.Date" "read.table" "eval" "eval" "withVisible" "source" 
"charToDate" "as.Date.character" "as.Date" "read.table" "eval" "eval" "withVisible" "source" 
"charToDate" "as.Date.character" "as.Date" "read.table" "eval" "eval" "withVisible" "source" 
"charToDate" "as.Date.character" "as.Date" "read.table" "eval" "eval" "withVisible" "source" 
"charToDate" "as.Date.character" "as.Date" "read.table" "eval" "eval" "withVisible" "source" 
"charToDate" "as.Date.character" "as.Date" "read.table" "eval" "eval" "withVisible" "source" 
"charToDate" "as.Date.character" "as.Date" "read.table" "eval" "eval" "withVisible" "source" 
"charToDate" "as.Date.character" "as.Date" "read.table" "eval" "eval" "withVisible" "source" 
"charToDate" "as.Date.character" "as.Date" "read.table" "eval" "eval" "withVisible" "source" 
"charToDate" "as.Date.character" "as.Date" "read.table" "eval" "eval" "withVisible" "source" 
"charToDate" "as.Date.character" "as.Date" "read.table" "eval" "eval" "withVisible" "source" 
"charToDate" "as.Date.character" "as.Date" "read.table" "eval" "eval" "withVisible" "source" 
"charToDate" "as.Date.character" "as.Date" "read.table" "eval" "eval" "withVisible" "source" 
"charToDate" "as.Date.character" "as.Date" "read.table" "eval" "eval" "withVisible" "source" 
"charToDate" "as.Date.character" "as.Date" "read.table" "eval" "eval" "withVisible" "source" 
"charToDate" "as.Date.character" "as.Date" "read.table" "eval" "eval" "withVisible" "source" 
"charToDate" "as.Date.character" "as.Date" "read.table" "eval" "eval" "withVisible" "source" 
"charToDate" "as.Date.character" "as.Date" "read.table" "eval" "eval" "withVisible" "source" 
"charToDate" "as.Date.character" "as.Date" "read.table" "eval" "eval" "withVisible" "source" 
"charToDate" "as.Date.character" "as.Date" "read.table" "eval" "eval" "withVisible" "source" 
"charToDate" "as.Date.character" "as.Date" "read.table" "eval" "eval" "withVisible" "source" 
"charToDate" "as.Date.character" "as.Date" "read.table" "eval" "eval" "withVisible" "source" 
"charToDate" "as.Date.character" "as.Date" "read.table" "eval" "eval" "withVisible" "source" 
"charToDate" "as.Date.character" "as.Date" "read.table" "eval" "eval" "withVisible" "source" 
"charToDate" "as.Date.character" "as.Date" "read.table" "eval" "eval" "withVisible" "source" 
"charToDate" "as.Date.character" "as.Date" "read.table" "eval" "eval" "withVisible" "source" 
"charToDate" "as.Date.character" "as.Date" "read.table" "eval" "eval" "withVisible" "source" 
"charToDate" "as.Date.character" "as.Date" "read.table" "eval" "eval" "withVisible" "source" 
"charToDate" "as.Date.character" "as.Date" "read.table" "eval" "eval" "withVisible" "source" 
"charToDate" "as.Date.character" "as.Date" "read.table" "eval" "eval" "withVisible" "source" 
"charToDate" "as.Date.character" "as.Date" "read.table" "eval" "eval" "withVisible" "source" 
"charToDate" "as.Date.character" "as.Date" "read.table" "eval" "eval" "withVisible" "source" 
"charToDate" "as.Date.character" "as.Date" "read.table" "eval" "eval" "withVisible" "source" 
"charToDate" "as.Date.character" "as.Date" "read.table" "eval" "eval" "withVisible" "source" 
"charToDate" "as.Date.character" "as.Date" "read.table" "eval" "eval" "withVisible" "source" 
"charToDate" "as.Date.character" "as.Date" "read.table" "eval" "eval" "withVisible" "source" 
"charToDate" "as.Date.character" "as.Date" "read.table" "eval" "eval" "withVisible" "source" 
"as.Date" "as.Date.character" "as.Date" "read.table" "eval" "eval" "withVisible" "source" 
"charToDate" "as.Date.character" "as.Date" "read.table" "eval" "eval" "withVisible" "source" 
"charToDate" "as.Date.character" "as.Date" "read.table" "eval" "eval" "withVisible" "source" 
"charToDate" "as.Date.character" "as.Date" "read.table" "eval" "eval" "withVisible" "source" 
"charToDate" "as.Date.character" "as.Date" "read.table" "eval" "eval" "withVisible" "source" 
"charToDate" "as.Date.character" "as.Date" "read.table" "eval" "eval" "withVisible" "source" 
"as.Date" "as.Date.character" "as.Date" "read.table" "eval" "eval" "withVisible" "source" 
"charToDate" "as.Date.character" "as.Date" "read.table" "eval" "eval" "withVisible" "source" 
"charToDate" "as.Date.character" "as.Date" "read.table" "eval" "eval" "withVisible" "source" 
"charToDate" "as.Date.character" "as.Date" "read.table" "eval" "eval" "withVisible" "source" 
"charToDate" "as.Date.character" "as.Date" "read.table" "eval" "eval" "withVisible" "source" 
"charToDate" "as.Date.character" "as.Date" "read.table" "eval" "eval" "withVisible" "source" 
"charToDate" "as.Date.character" "as.Date" "read.table" "eval" "eval" "withVisible" "source" 
"charToDate" "as.Date.character" "as.Date" "read.table" "eval" "eval" "withVisible" "source" 
"charToDate" "as.Date.character" "as.Date" "read.table" "eval" "eval" "withVisible" "source" 
"charToDate" "as.Date.character" "as.Date" "read.table" "eval" "eval" "withVisible" "source" 
"charToDate" "as.Date.character" "as.Date" "read.table" "eval" "eval" "withVisible" "source" 
"charToDate" "as.Date.character" "as.Date" "read.table" "eval" "eval" "withVisible" "source" 
"charToDate" "as.Date.character" "as.Date" "read.table" "eval" "eval" "withVisible" "source" 
"charToDate" "as.Date.character" "as.Date" "read.table" "eval" "eval" "withVisible" "source" 
"charToDate" "as.Date.character" "as.Date" "read.table" "eval" "eval" "withVisible" "source" 
"charToDate" "as.Date.character" "as.Date" "read.table" "eval" "eval" "withVisible" "source" 
"charToDate" "as.Date.character" "as.Date" "read.table" "eval" "eval" "withVisible" "source" 
"charToDate" "as.Date.character" "as.Date" "read.table" "eval" "eval" "withVisible" "source" 
"charToDate" "as.Date.character" "as.Date" "read.table" "eval" "eval" "withVisible" "source" 
"charToDate" "as.Date.character" "as.Date" "read.table" "eval" "eval" "withVisible" "source" 
"charToDate" "as.Date.character" "as.Date" "read.table" "eval" "eval" "withVisible" "source" 
"charToDate" "as.Date.character" "as.Date" "read.table" "eval" "eval" "withVisible" "source" 
"charToDate" "as.Date.character" "as.Date" "read.table" "eval" "eval" "withVisible" "source" 
"charToDate" "as.Date.character" "as.Date" "read.table" "eval" "eval" "withVisible" "source" 
"charToDate" "as.Date.character" "as.Date" "read.table" "eval" "eval" "withVisible" "source" 
"charToDate" "as.Date.character" "as.Date" "read.table" "eval" "eval" "withVisible" "source" 
"charToDate" "as.Date.character" "as.Date" "read.table" "eval" "eval" "withVisible" "source" 
"charToDate" "as.Date.character" "as.Date" "read.table" "eval" "eval" "withVisible" "source" 
"charToDate" "as.Date.character" "as.Date" "read.table" "eval" "eval" "withVisible" "source" 
"charToDate" "as.Date.character" "as.Date" "read.table" "eval" "eval" "withVisible" "source" 
"charToDate" "as.Date.character" "as.Date" "read.table" "eval" "eval" "withVisible" "source" 
"charToDate" "as.Date.character" "as.Date" "read.table" "eval" "eval" "withVisible" "source" 
"charToDate" "as.Date.character" "as.Date" "read.table" "eval" "eval" "withVisible" "source" 
"charToDate" "as.Date.character" "as.Date" "read.table" "eval" "eval" "withVisible" "source" 
"charToDate" "as.Date.character" "as.Date" "read.table" "eval" "eval" "withVisible" "source" 
"charToDate" "as.Date.character" "as.Date" "read.table" "eval" "eval" "withVisible" "source" 
"charToDate" "as.Date.character" "as.Date" "read.table" "eval" "eval" "withVisible" "source" 
"charToDate" "as.Date.character" "as.Date" "read.table" "eval" "eval" "withVisible" "source" 
"charToDate" "as.Date.character" "as.Date" "read.table" "eval" "eval" "withVisible" "source" 
"charToDate" "as.Date.character" "as.Date" "read.table" "eval" "eval" "withVisible" "source" 
"charToDate" "as.Date.character" "as.Date" "read.table" "eval" "eval" "withVisible" "source" 
"charToDate" "as.Date.character" "as.Date" "read.table" "eval" "eval" "withVisible" "source" 
"charToDate" "as.Date.character" "as.Date" "read.table" "eval" "eval" "withVisible" "source" 
"charToDate" "as.Date.character" "as.Date" "read.table" "eval" "eval" "withVisible" "source" 
"charToDate" "as.Date.character" "as.Date" "read.table" "eval" "eval" "withVisible" "source" 
"charToDate" "as.Date.character" "as.Date" "read.table" "eval" "eval" "withVisible" "source" 
"charToDate" "as.Date.character" "as.Date" "read.table" "eval" "eval" "withVisible" "source" 
"charToDate" "as.Date.character" "as.Date" "read.table" "eval" "eval" "withVisible" "source" 
"charToDate" "as.Date.character" "as.Date" "read.table" "eval" "eval" "withVisible" "source" 
"charToDate" "as.Date.character" "as.Date" "read.table" "eval" "eval" "withVisible" "source" 
"charToDate" "as.Date.character" "as.Date" "read.table" "eval" "eval" "withVisible" "source" 
"charToDate" "as.Date.character" "as.Date" "read.table" "eval" "eval" "withVisible" "source" 
"charToDate" "as.Date.character" "as.Date" "read.table" "eval" "eval" "withVisible" "source" 
"charToDate" "as.Date.character" "as.Date" "read.table" "eval" "eval" "withVisible" "source" 
"charToDate" "as.Date.character" "as.Date" "read.table" "eval" "eval" "withVisible" "source" 
"charToDate" "as.Date.character" "as.Date" "read.table" "eval" "eval" "withVisible" "source" 
"as.Date" "as.Date.character" "as.Date" "read.table" "eval" "eval" "withVisible" "source" 
"charToDate" "as.Date.character" "as.Date" "read.table" "eval" "eval" "withVisible" "source" 
"charToDate" "as.Date.character" "as.Date" "read.table" "eval" "eval" "withVisible" "source" 
"charToDate" "as.Date.character" "as.Date" "read.table" "eval" "eval" "withVisible" "source" 
"charToDate" "as.Date.character" "as.Date" "read.table" "eval" "eval" "withVisible" "source" 
"charToDate" "as.Date.character" "as.Date" "read.table" "eval" "eval" "withVisible" "source" 
"charToDate" "as.Date.character" "as.Date" "read.table" "eval" "eval" "withVisible" "source" 
"charToDate" "as.Date.character" "as.Date" "read.table" "eval" "eval" "withVisible" "source" 
"charToDate" "as.Date.character" "as.Date" "read.table" "eval" "eval" "withVisible" "source" 
"charToDate" "as.Date.character" "as.Date" "read.table" "eval" "eval" "withVisible" "source" 
"charToDate" "as.Date.character" "as.Date" "read.table" "eval" "eval" "withVisible" "source" 
"charToDate" "as.Date.character" "as.Date" "read.table" "eval" "eval" "withVisible" "source" 
"charToDate" "as.Date.character" "as.Date" "read.table" "eval" "eval" "withVisible" "source" 
"charToDate" "as.Date.character" "as.Date" "read.table" "eval" "eval" "withVisible" "source" 
"charToDate" "as.Date.character" "as.Date" "read.table" "eval" "eval" "withVisible" "source" 
"charToDate" "as.Date.character" "as.Date" "read.table" "eval" "eval" "withVisible" "source" 
"charToDate" "as.Date.character" "as.Date" "read.table" "eval" "eval" "withVisible" "source" 
"charToDate" "as.Date.character" "as.Date" "read.table" "eval" "eval" "withVisible" "source" 
"charToDate" "as.Date.character" "as.Date" "read.table" "eval" "eval" "withVisible" "source" 
"charToDate" "as.Date.character" "as.Date" "read.table" "eval" "eval" "withVisible" "source" 
"charToDate" "as.Date.character" "as.Date" "read.table" "eval" "eval" "withVisible" "source" 
"charToDate" "as.Date.character" "as.Date" "read.table" "eval" "eval" "withVisible" "source" 
"charToDate" "as.Date.character" "as.Date" "read.table" "eval" "eval" "withVisible" "source" 
"charToDate" "as.Date.character" "as.Date" "read.table" "eval" "eval" "withVisible" "source" 
"charToDate" "as.Date.character" "as.Date" "read.table" "eval" "eval" "withVisible" "source" 
"charToDate" "as.Date.character" "as.Date" "read.table" "eval" "eval" "withVisible" "source" 
"charToDate" "as.Date.character" "as.Date" "read.table" "eval" "eval" "withVisible" "source" 
"charToDate" "as.Date.character" "as.Date" "read.table" "eval" "eval" "withVisible" "source" 
"charToDate" "as.Date.character" "as.Date" "read.table" "eval" "eval" "withVisible" "source" 
"as.Date" "as.Date.character" "as.Date" "read.table" "eval" "eval" "withVisible" "source" 
"charToDate" "as.Date.character" "as.Date" "read.table" "eval" "eval" "withVisible" "source" 
"charToDate" "as.Date.character" "as.Date" "read.table" "eval" "eval" "withVisible" "source" 
"charToDate" "as.Date.character" "as.Date" "read.table" "eval" "eval" "withVisible" "source" 
"charToDate" "as.Date.character" "as.Date" "read.table" "eval" "eval" "withVisible" "source" 
"charToDate" "as.Date.character" "as.Date" "read.table" "eval" "eval" "withVisible" "source" 
"charToDate" "as.Date.character" "as.Date" "read.table" "eval" "eval" "withVisible" "source" 
"charToDate" "as.Date.character" "as.Date" "read.table" "eval" "eval" "withVisible" "source" 
"charToDate" "as.Date.character" "as.Date" "read.table" "eval" "eval" "withVisible" "source" 
"charToDate" "as.Date.character" "as.Date" "read.table" "eval" "eval" "withVisible" "source" 
"charToDate" "as.Date.character" "as.Date" "read.table" "eval" "eval" "withVisible" "source" 
"charToDate" "as.Date.character" "as.Date" "read.table" "eval" "eval" "withVisible" "source" 
"charToDate" "as.Date.character" "as.Date" "read.table" "eval" "eval" "withVisible" "source" 
"charToDate" "as.Date.character" "as.Date" "read.table" "eval" "eval" "withVisible" "source" 
"charToDate" "as.Date.character" "as.Date" "read.table" "eval" "eval" "withVisible" "source" 
"charToDate" "as.Date.character" "as.Date" "read.table" "eval" "eval" "withVisible" "source" 
"charToDate" "as.Date.character" "as.Date" "read.table" "eval" "eval" "withVisible" "source" 
"charToDate" "as.Date.character" "as.Date" "read.table" "eval" "eval" "withVisible" "source" 
"charToDate" "as.Date.character" "as.Date" "read.table" "eval" "eval" "withVisible" "source" 
"charToDate" "as.Date.character" "as.Date" "read.table" "eval" "eval" "withVisible" "source" 
"charToDate" "as.Date.character" "as.Date" "read.table" "eval" "eval" "withVisible" "source" 
"charToDate" "as.Date.character" "as.Date" "read.table" "eval" "eval" "withVisible" "source" 
"charToDate" "as.Date.character" "as.Date" "read.table" "eval" "eval" "withVisible" "source" 
"charToDate" "as.Date.character" "as.Date" "read.table" "eval" "eval" "withVisible" "source" 
"charToDate" "as.Date.character" "as.Date" "read.table" "eval" "eval" "withVisible" "source" 
"charToDate" "as.Date.character" "as.Date" "read.table" "eval" "eval" "withVisible" "source" 
"charToDate" "as.Date.character" "as.Date" "read.table" "eval" "eval" "withVisible" "source" 
"charToDate" "as.Date.character" "as.Date" "read.table" "eval" "eval" "withVisible" "source" 
"charToDate" "as.Date.character" "as.Date" "read.table" "eval" "eval" "withVisible" "source" 
"charToDate" "as.Date.character" "as.Date" "read.table" "eval" "eval" "withVisible" "source" 
"charToDate" "as.Date.character" "as.Date" "read.table" "eval" "eval" "withVisible" "source" 
"charToDate" "as.Date.character" "as.Date" "read.table" "eval" "eval" "withVisible" "source" 
"charToDate" "as.Date.character" "as.Date" "read.table" "eval" "eval" "withVisible" "source" 
"charToDate" "as.Date.character" "as.Date" "read.table" "eval" "eval" "withVisible" "source" 
"charToDate" "as.Date.character" "as.Date" "read.table" "eval" "eval" "withVisible" "source" 
"charToDate" "as.Date.character" "as.Date" "read.table" "eval" "eval" "withVisible" "source" 
"charToDate" "as.Date.character" "as.Date" "read.table" "eval" "eval" "withVisible" "source" 
"charToDate" "as.Date.character" "as.Date" "read.table" "eval" "eval" "withVisible" "source" 
"charToDate" "as.Date.character" "as.Date" "read.table" "eval" "eval" "withVisible" "source" 
"charToDate" "as.Date.character" "as.Date" "read.table" "eval" "eval" "withVisible" "source" 
"charToDate" "as.Date.character" "as.Date" "read.table" "eval" "eval" "withVisible" "source" 
"charToDate" "as.Date.character" "as.Date" "read.table" "eval" "eval" "withVisible" "source" 
"charToDate" "as.Date.character" "as.Date" "read.table" "eval" "eval" "withVisible" "source" 
"charToDate" "as.Date.character" "as.Date" "read.table" "eval" "eval" "withVisible" "source" 
"charToDate" "as.Date.character" "as.Date" "read.table" "eval" "eval" "withVisible" "source" 
"charToDate" "as.Date.character" "as.Date" "read.table" "eval" "eval" "withVisible" "source" 
"charToDate" "as.Date.character" "as.Date" "read.table" "eval" "eval" "withVisible" "source" 
"charToDate" "as.Date.character" "as.Da